<?xml version="1.0" encoding="UTF-8"?>
<!-- Generated by org.testng.reporters.JUnitReportReporter -->
<testsuite hostname="DESKTOP-O2VAEQR" failures="0" tests="1" name="com.testngpractise.TimeOut" time="2.062" errors="1" timestamp="2024-07-03T10:19:44 IST" skipped="0">
  <testcase classname="com.testngpractise.TimeOut" name="methodtime" time="2.062">
    <error message="Method com.testngpractise.TimeOut.methodtime() didn&#039;t finish within the time-out 2000" type="org.testng.internal.thread.ThreadTimeoutException">
      <![CDATA[org.testng.internal.thread.ThreadTimeoutException: Method com.testngpractise.TimeOut.methodtime() didn't finish within the time-out 2000
at java.base@16/jdk.internal.misc.Unsafe.park(Native Method)
at java.base@16/java.util.concurrent.locks.LockSupport.parkNanos(LockSupport.java:252)
at java.base@16/java.util.concurrent.CompletableFuture$Signaller.block(CompletableFuture.java:1862)
at java.base@16/java.util.concurrent.ForkJoinPool.managedBlock(ForkJoinPool.java:3137)
at java.base@16/java.util.concurrent.CompletableFuture.timedGet(CompletableFuture.java:1935)
at java.base@16/java.util.concurrent.CompletableFuture.get(CompletableFuture.java:2091)
at app//org.openqa.selenium.remote.http.jdk.JdkHttpClient.execute0(JdkHttpClient.java:382)
at app//org.openqa.selenium.remote.http.jdk.JdkHttpClient$$Lambda$294/0x0000000800d4a410.execute(Unknown Source)
at app//org.openqa.selenium.remote.http.AddSeleniumUserAgent.lambda$apply$0(AddSeleniumUserAgent.java:42)
at app//org.openqa.selenium.remote.http.AddSeleniumUserAgent$$Lambda$435/0x0000000800ddf600.execute(Unknown Source)
at app//org.openqa.selenium.remote.http.Filter.lambda$andFinally$1(Filter.java:55)
at app//org.openqa.selenium.remote.http.Filter$$Lambda$295/0x0000000800d4a640.execute(Unknown Source)
at app//org.openqa.selenium.remote.http.jdk.JdkHttpClient.execute(JdkHttpClient.java:355)
at app//org.openqa.selenium.remote.ProtocolHandshake.createSession(ProtocolHandshake.java:89)
at app//org.openqa.selenium.remote.ProtocolHandshake.createSession(ProtocolHandshake.java:75)
at app//org.openqa.selenium.remote.ProtocolHandshake.createSession(ProtocolHandshake.java:61)
at app//org.openqa.selenium.remote.HttpCommandExecutor.execute(HttpCommandExecutor.java:162)
at app//org.openqa.selenium.remote.service.DriverCommandExecutor.invokeExecute(DriverCommandExecutor.java:216)
at app//org.openqa.selenium.remote.service.DriverCommandExecutor.execute(DriverCommandExecutor.java:174)
at app//org.openqa.selenium.remote.RemoteWebDriver.execute(RemoteWebDriver.java:518)
at app//org.openqa.selenium.remote.RemoteWebDriver.startSession(RemoteWebDriver.java:232)
at app//org.openqa.selenium.remote.RemoteWebDriver.<init>(RemoteWebDriver.java:161)
at app//org.openqa.selenium.chromium.ChromiumDriver.<init>(ChromiumDriver.java:114)
at app//org.openqa.selenium.chrome.ChromeDriver.<init>(ChromeDriver.java:88)
at app//org.openqa.selenium.chrome.ChromeDriver.<init>(ChromeDriver.java:83)
at app//org.openqa.selenium.chrome.ChromeDriver.<init>(ChromeDriver.java:51)
at app//com.testngpractise.TimeOut.methodtime(TimeOut.java:12)
at java.base@16/jdk.internal.reflect.NativeMethodAccessorImpl.invoke0(Native Method)
at java.base@16/jdk.internal.reflect.NativeMethodAccessorImpl.invoke(NativeMethodAccessorImpl.java:78)
at java.base@16/jdk.internal.reflect.DelegatingMethodAccessorImpl.invoke(DelegatingMethodAccessorImpl.java:43)
at java.base@16/java.lang.reflect.Method.invoke(Method.java:567)
at app//org.testng.internal.invokers.MethodInvocationHelper.invokeMethod(MethodInvocationHelper.java:141)
at app//org.testng.internal.invokers.InvokeMethodRunnable.runOne(InvokeMethodRunnable.java:47)
at app//org.testng.internal.invokers.InvokeMethodRunnable.call(InvokeMethodRunnable.java:76)
at app//org.testng.internal.invokers.InvokeMethodRunnable.call(InvokeMethodRunnable.java:11)
at java.base@16/java.util.concurrent.FutureTask.run(FutureTask.java:264)
at java.base@16/java.util.concurrent.ThreadPoolExecutor.runWorker(ThreadPoolExecutor.java:1130)
at java.base@16/java.util.concurrent.ThreadPoolExecutor$Worker.run(ThreadPoolExecutor.java:630)
at java.base@16/java.lang.Thread.run(Thread.java:831)
]]>
    </error>
  </testcase> <!-- methodtime -->
</testsuite> <!-- com.testngpractise.TimeOut -->
